<?xml version="1.0" encoding="UTF-8"?>
<!-- Generated by org.testng.reporters.JUnitReportReporter -->
<testsuite skipped="0" hostname="LAPTOP-OMB69JNR" name="test.LoginTest" tests="1" failures="0" timestamp="2022-03-11T08:58:19 CST" time="5.748" errors="0">
  <testcase name="validUserShouldBeAbleToLogIn" time="5.748" classname="test.LoginTest"/>
  <system-out/>
</testsuite> <!-- test.LoginTest -->
