<?xml version="1.0" encoding="UTF-8"?>
<!-- Generated by org.testng.reporters.JUnitReportReporter -->
<testsuite skipped="0" hostname="LAPTOP-OMB69JNR" name="test.AddCustomerTest" tests="1" failures="0" timestamp="2022-02-28T13:53:44 CST" time="5.292" errors="0">
  <testcase name="validUserShouldBeAbleToCreateCustomer" time="5.292" classname="test.AddCustomerTest"/>
  <system-out/>
</testsuite> <!-- test.AddCustomerTest -->
